<?xml version="1.0" encoding="UTF-8"?>
<testsuite name="com.klasevich.itrex.lab.persistance.repository.TransactionRepositoryTest" tests="1" skipped="0" failures="0" errors="0" timestamp="2021-11-28T15:25:59" hostname="USER-ПК" time="0.268">
  <properties/>
  <testcase name="findAll_sizeShouldBeValid()" classname="com.klasevich.itrex.lab.persistance.repository.TransactionRepositoryTest" time="0.268"/>
  <system-out><![CDATA[2021-11-28 18:25:59.003  INFO [payment-service,,,] 14540 --- [    Test worker] b.t.a.o.j.DataJpaTestContextBootstrapper : Neither @ContextConfiguration nor @ContextHierarchy found for test class [com.klasevich.itrex.lab.persistance.repository.TransactionRepositoryTest], using SpringBootContextLoader
2021-11-28 18:25:59.006  INFO [payment-service,,,] 14540 --- [    Test worker] o.s.t.c.support.AbstractContextLoader    : Could not detect default resource locations for test class [com.klasevich.itrex.lab.persistance.repository.TransactionRepositoryTest]: no resource found for suffixes {-context.xml, Context.groovy}.
2021-11-28 18:25:59.006  INFO [payment-service,,,] 14540 --- [    Test worker] t.c.s.AnnotationConfigContextLoaderUtils : Could not detect default configuration classes for test class [com.klasevich.itrex.lab.persistance.repository.TransactionRepositoryTest]: TransactionRepositoryTest does not declare any static, non-private, non-final, nested classes annotated with @Configuration.
2021-11-28 18:25:59.016  INFO [payment-service,,,] 14540 --- [    Test worker] .b.t.c.SpringBootTestContextBootstrapper : Found @SpringBootConfiguration com.klasevich.itrex.lab.PaymentApplication for test class com.klasevich.itrex.lab.persistance.repository.TransactionRepositoryTest
2021-11-28 18:25:59.017  INFO [payment-service,,,] 14540 --- [    Test worker] b.t.a.o.j.DataJpaTestContextBootstrapper : Loaded default TestExecutionListener class names from location [META-INF/spring.factories]: [org.springframework.test.context.web.ServletTestExecutionListener, org.springframework.test.context.support.DirtiesContextBeforeModesTestExecutionListener, org.springframework.test.context.support.DependencyInjectionTestExecutionListener, org.springframework.test.context.support.DirtiesContextTestExecutionListener, org.springframework.test.context.transaction.TransactionalTestExecutionListener, org.springframework.test.context.jdbc.SqlScriptsTestExecutionListener, org.springframework.test.context.event.EventPublishingTestExecutionListener, org.springframework.boot.test.autoconfigure.restdocs.RestDocsTestExecutionListener, org.springframework.boot.test.autoconfigure.web.client.MockRestServiceServerResetTestExecutionListener, org.springframework.boot.test.autoconfigure.web.servlet.MockMvcPrintOnlyOnFailureTestExecutionListener, org.springframework.boot.test.autoconfigure.web.servlet.WebDriverTestExecutionListener, org.springframework.boot.test.autoconfigure.webservices.client.MockWebServiceServerTestExecutionListener, org.springframework.boot.test.mock.mockito.MockitoTestExecutionListener, org.springframework.boot.test.mock.mockito.ResetMocksTestExecutionListener]
2021-11-28 18:25:59.018  INFO [payment-service,,,] 14540 --- [    Test worker] b.t.a.o.j.DataJpaTestContextBootstrapper : Using TestExecutionListeners: [org.springframework.test.context.web.ServletTestExecutionListener@9a0e30, org.springframework.test.context.support.DirtiesContextBeforeModesTestExecutionListener@3a84b84d, org.springframework.boot.test.mock.mockito.MockitoTestExecutionListener@47da770e, org.springframework.boot.test.autoconfigure.SpringBootDependencyInjectionTestExecutionListener@2f37faa8, org.springframework.test.context.support.DirtiesContextTestExecutionListener@7f8c9af0, org.springframework.test.context.transaction.TransactionalTestExecutionListener@6055039c, org.springframework.test.context.jdbc.SqlScriptsTestExecutionListener@74237a9f, org.springframework.test.context.event.EventPublishingTestExecutionListener@64513c09, org.springframework.boot.test.autoconfigure.restdocs.RestDocsTestExecutionListener@7f117169, org.springframework.boot.test.autoconfigure.web.client.MockRestServiceServerResetTestExecutionListener@3710d4f4, org.springframework.boot.test.autoconfigure.web.servlet.MockMvcPrintOnlyOnFailureTestExecutionListener@5808a70b, org.springframework.boot.test.autoconfigure.web.servlet.WebDriverTestExecutionListener@35547977, org.springframework.boot.test.autoconfigure.webservices.client.MockWebServiceServerTestExecutionListener@413adc8d, org.springframework.boot.test.mock.mockito.ResetMocksTestExecutionListener@703c072a]
2021-11-28 18:25:59.019 DEBUG [payment-service,,,] 14540 --- [    Test worker] c.DefaultCacheAwareContextLoaderDelegate : Retrieved ApplicationContext [103095058] from cache with key [[MergedContextConfiguration@6d91c6d9 testClass = TransactionRepositoryTest, locations = '{}', classes = '{class com.klasevich.itrex.lab.PaymentApplication}', contextInitializerClasses = '[]', activeProfiles = '{test}', propertySourceLocations = '{}', propertySourceProperties = '{org.springframework.boot.test.autoconfigure.orm.jpa.DataJpaTestContextBootstrapper=true}', contextCustomizers = set[org.springframework.boot.test.autoconfigure.OverrideAutoConfigurationContextCustomizerFactory$DisableAutoConfigurationContextCustomizer@4a40c341, org.springframework.boot.test.autoconfigure.filter.TypeExcludeFiltersContextCustomizer@351584c0, org.springframework.boot.test.autoconfigure.properties.PropertyMappingContextCustomizer@50a49b08, org.springframework.boot.test.autoconfigure.web.servlet.WebDriverContextCustomizerFactory$Customizer@7b843107, [ImportsContextCustomizer@7b9885dd key = [org.springframework.boot.autoconfigure.cache.CacheAutoConfiguration, org.springframework.boot.autoconfigure.data.jpa.JpaRepositoriesAutoConfiguration, org.springframework.boot.autoconfigure.flyway.FlywayAutoConfiguration, org.springframework.boot.autoconfigure.jdbc.DataSourceAutoConfiguration, org.springframework.boot.autoconfigure.jdbc.DataSourceTransactionManagerAutoConfiguration, org.springframework.boot.autoconfigure.jdbc.JdbcTemplateAutoConfiguration, org.springframework.boot.autoconfigure.liquibase.LiquibaseAutoConfiguration, org.springframework.boot.autoconfigure.orm.jpa.HibernateJpaAutoConfiguration, org.springframework.boot.autoconfigure.transaction.TransactionAutoConfiguration, org.springframework.boot.test.autoconfigure.jdbc.TestDatabaseAutoConfiguration, org.springframework.boot.test.autoconfigure.orm.jpa.TestEntityManagerAutoConfiguration]], org.springframework.boot.test.context.filter.ExcludeFilterContextCustomizer@30e22bfe, org.springframework.boot.test.json.DuplicateJsonObjectContextCustomizerFactory$DuplicateJsonObjectContextCustomizer@750b3aa1, org.springframework.boot.test.mock.mockito.MockitoContextCustomizer@0, org.springframework.boot.test.context.SpringBootTestArgs@1], contextLoader = 'org.springframework.boot.test.context.SpringBootContextLoader', parent = [null]]]
2021-11-28 18:25:59.019 DEBUG [payment-service,,,] 14540 --- [    Test worker] org.springframework.test.context.cache   : Spring test ApplicationContext cache statistics: [DefaultContextCache@20c07474 size = 1, maxSize = 32, parentContextCount = 0, hitCount = 61, missCount = 1]
2021-11-28 18:25:59.022 DEBUG [payment-service,,,] 14540 --- [    Test worker] c.DefaultCacheAwareContextLoaderDelegate : Retrieved ApplicationContext [103095058] from cache with key [[MergedContextConfiguration@6d91c6d9 testClass = TransactionRepositoryTest, locations = '{}', classes = '{class com.klasevich.itrex.lab.PaymentApplication}', contextInitializerClasses = '[]', activeProfiles = '{test}', propertySourceLocations = '{}', propertySourceProperties = '{org.springframework.boot.test.autoconfigure.orm.jpa.DataJpaTestContextBootstrapper=true}', contextCustomizers = set[org.springframework.boot.test.autoconfigure.OverrideAutoConfigurationContextCustomizerFactory$DisableAutoConfigurationContextCustomizer@4a40c341, org.springframework.boot.test.autoconfigure.filter.TypeExcludeFiltersContextCustomizer@351584c0, org.springframework.boot.test.autoconfigure.properties.PropertyMappingContextCustomizer@50a49b08, org.springframework.boot.test.autoconfigure.web.servlet.WebDriverContextCustomizerFactory$Customizer@7b843107, [ImportsContextCustomizer@7b9885dd key = [org.springframework.boot.autoconfigure.cache.CacheAutoConfiguration, org.springframework.boot.autoconfigure.data.jpa.JpaRepositoriesAutoConfiguration, org.springframework.boot.autoconfigure.flyway.FlywayAutoConfiguration, org.springframework.boot.autoconfigure.jdbc.DataSourceAutoConfiguration, org.springframework.boot.autoconfigure.jdbc.DataSourceTransactionManagerAutoConfiguration, org.springframework.boot.autoconfigure.jdbc.JdbcTemplateAutoConfiguration, org.springframework.boot.autoconfigure.liquibase.LiquibaseAutoConfiguration, org.springframework.boot.autoconfigure.orm.jpa.HibernateJpaAutoConfiguration, org.springframework.boot.autoconfigure.transaction.TransactionAutoConfiguration, org.springframework.boot.test.autoconfigure.jdbc.TestDatabaseAutoConfiguration, org.springframework.boot.test.autoconfigure.orm.jpa.TestEntityManagerAutoConfiguration]], org.springframework.boot.test.context.filter.ExcludeFilterContextCustomizer@30e22bfe, org.springframework.boot.test.json.DuplicateJsonObjectContextCustomizerFactory$DuplicateJsonObjectContextCustomizer@750b3aa1, org.springframework.boot.test.mock.mockito.MockitoContextCustomizer@0, org.springframework.boot.test.context.SpringBootTestArgs@1], contextLoader = 'org.springframework.boot.test.context.SpringBootContextLoader', parent = [null]]]
2021-11-28 18:25:59.022 DEBUG [payment-service,,,] 14540 --- [    Test worker] org.springframework.test.context.cache   : Spring test ApplicationContext cache statistics: [DefaultContextCache@20c07474 size = 1, maxSize = 32, parentContextCount = 0, hitCount = 62, missCount = 1]
2021-11-28 18:25:59.033 DEBUG [payment-service,,,] 14540 --- [    Test worker] c.DefaultCacheAwareContextLoaderDelegate : Retrieved ApplicationContext [103095058] from cache with key [[MergedContextConfiguration@6d91c6d9 testClass = TransactionRepositoryTest, locations = '{}', classes = '{class com.klasevich.itrex.lab.PaymentApplication}', contextInitializerClasses = '[]', activeProfiles = '{test}', propertySourceLocations = '{}', propertySourceProperties = '{org.springframework.boot.test.autoconfigure.orm.jpa.DataJpaTestContextBootstrapper=true}', contextCustomizers = set[org.springframework.boot.test.autoconfigure.OverrideAutoConfigurationContextCustomizerFactory$DisableAutoConfigurationContextCustomizer@4a40c341, org.springframework.boot.test.autoconfigure.filter.TypeExcludeFiltersContextCustomizer@351584c0, org.springframework.boot.test.autoconfigure.properties.PropertyMappingContextCustomizer@50a49b08, org.springframework.boot.test.autoconfigure.web.servlet.WebDriverContextCustomizerFactory$Customizer@7b843107, [ImportsContextCustomizer@7b9885dd key = [org.springframework.boot.autoconfigure.cache.CacheAutoConfiguration, org.springframework.boot.autoconfigure.data.jpa.JpaRepositoriesAutoConfiguration, org.springframework.boot.autoconfigure.flyway.FlywayAutoConfiguration, org.springframework.boot.autoconfigure.jdbc.DataSourceAutoConfiguration, org.springframework.boot.autoconfigure.jdbc.DataSourceTransactionManagerAutoConfiguration, org.springframework.boot.autoconfigure.jdbc.JdbcTemplateAutoConfiguration, org.springframework.boot.autoconfigure.liquibase.LiquibaseAutoConfiguration, org.springframework.boot.autoconfigure.orm.jpa.HibernateJpaAutoConfiguration, org.springframework.boot.autoconfigure.transaction.TransactionAutoConfiguration, org.springframework.boot.test.autoconfigure.jdbc.TestDatabaseAutoConfiguration, org.springframework.boot.test.autoconfigure.orm.jpa.TestEntityManagerAutoConfiguration]], org.springframework.boot.test.context.filter.ExcludeFilterContextCustomizer@30e22bfe, org.springframework.boot.test.json.DuplicateJsonObjectContextCustomizerFactory$DuplicateJsonObjectContextCustomizer@750b3aa1, org.springframework.boot.test.mock.mockito.MockitoContextCustomizer@0, org.springframework.boot.test.context.SpringBootTestArgs@1], contextLoader = 'org.springframework.boot.test.context.SpringBootContextLoader', parent = [null]]]
2021-11-28 18:25:59.033 DEBUG [payment-service,,,] 14540 --- [    Test worker] org.springframework.test.context.cache   : Spring test ApplicationContext cache statistics: [DefaultContextCache@20c07474 size = 1, maxSize = 32, parentContextCount = 0, hitCount = 63, missCount = 1]
2021-11-28 18:25:59.036 DEBUG [payment-service,,,] 14540 --- [    Test worker] c.DefaultCacheAwareContextLoaderDelegate : Retrieved ApplicationContext [103095058] from cache with key [[MergedContextConfiguration@6d91c6d9 testClass = TransactionRepositoryTest, locations = '{}', classes = '{class com.klasevich.itrex.lab.PaymentApplication}', contextInitializerClasses = '[]', activeProfiles = '{test}', propertySourceLocations = '{}', propertySourceProperties = '{org.springframework.boot.test.autoconfigure.orm.jpa.DataJpaTestContextBootstrapper=true}', contextCustomizers = set[org.springframework.boot.test.autoconfigure.OverrideAutoConfigurationContextCustomizerFactory$DisableAutoConfigurationContextCustomizer@4a40c341, org.springframework.boot.test.autoconfigure.filter.TypeExcludeFiltersContextCustomizer@351584c0, org.springframework.boot.test.autoconfigure.properties.PropertyMappingContextCustomizer@50a49b08, org.springframework.boot.test.autoconfigure.web.servlet.WebDriverContextCustomizerFactory$Customizer@7b843107, [ImportsContextCustomizer@7b9885dd key = [org.springframework.boot.autoconfigure.cache.CacheAutoConfiguration, org.springframework.boot.autoconfigure.data.jpa.JpaRepositoriesAutoConfiguration, org.springframework.boot.autoconfigure.flyway.FlywayAutoConfiguration, org.springframework.boot.autoconfigure.jdbc.DataSourceAutoConfiguration, org.springframework.boot.autoconfigure.jdbc.DataSourceTransactionManagerAutoConfiguration, org.springframework.boot.autoconfigure.jdbc.JdbcTemplateAutoConfiguration, org.springframework.boot.autoconfigure.liquibase.LiquibaseAutoConfiguration, org.springframework.boot.autoconfigure.orm.jpa.HibernateJpaAutoConfiguration, org.springframework.boot.autoconfigure.transaction.TransactionAutoConfiguration, org.springframework.boot.test.autoconfigure.jdbc.TestDatabaseAutoConfiguration, org.springframework.boot.test.autoconfigure.orm.jpa.TestEntityManagerAutoConfiguration]], org.springframework.boot.test.context.filter.ExcludeFilterContextCustomizer@30e22bfe, org.springframework.boot.test.json.DuplicateJsonObjectContextCustomizerFactory$DuplicateJsonObjectContextCustomizer@750b3aa1, org.springframework.boot.test.mock.mockito.MockitoContextCustomizer@0, org.springframework.boot.test.context.SpringBootTestArgs@1], contextLoader = 'org.springframework.boot.test.context.SpringBootContextLoader', parent = [null]]]
2021-11-28 18:25:59.036 DEBUG [payment-service,,,] 14540 --- [    Test worker] org.springframework.test.context.cache   : Spring test ApplicationContext cache statistics: [DefaultContextCache@20c07474 size = 1, maxSize = 32, parentContextCount = 0, hitCount = 64, missCount = 1]
2021-11-28 18:25:59.038  INFO [payment-service,,,] 14540 --- [    Test worker] o.s.t.c.transaction.TransactionContext   : Began transaction (1) for test context [DefaultTestContext@1f00092f testClass = TransactionRepositoryTest, testInstance = com.klasevich.itrex.lab.persistance.repository.TransactionRepositoryTest@2009c17f, testMethod = findAll_sizeShouldBeValid@TransactionRepositoryTest, testException = [null], mergedContextConfiguration = [MergedContextConfiguration@6d91c6d9 testClass = TransactionRepositoryTest, locations = '{}', classes = '{class com.klasevich.itrex.lab.PaymentApplication}', contextInitializerClasses = '[]', activeProfiles = '{test}', propertySourceLocations = '{}', propertySourceProperties = '{org.springframework.boot.test.autoconfigure.orm.jpa.DataJpaTestContextBootstrapper=true}', contextCustomizers = set[org.springframework.boot.test.autoconfigure.OverrideAutoConfigurationContextCustomizerFactory$DisableAutoConfigurationContextCustomizer@4a40c341, org.springframework.boot.test.autoconfigure.filter.TypeExcludeFiltersContextCustomizer@351584c0, org.springframework.boot.test.autoconfigure.properties.PropertyMappingContextCustomizer@50a49b08, org.springframework.boot.test.autoconfigure.web.servlet.WebDriverContextCustomizerFactory$Customizer@7b843107, [ImportsContextCustomizer@7b9885dd key = [org.springframework.boot.autoconfigure.cache.CacheAutoConfiguration, org.springframework.boot.autoconfigure.data.jpa.JpaRepositoriesAutoConfiguration, org.springframework.boot.autoconfigure.flyway.FlywayAutoConfiguration, org.springframework.boot.autoconfigure.jdbc.DataSourceAutoConfiguration, org.springframework.boot.autoconfigure.jdbc.DataSourceTransactionManagerAutoConfiguration, org.springframework.boot.autoconfigure.jdbc.JdbcTemplateAutoConfiguration, org.springframework.boot.autoconfigure.liquibase.LiquibaseAutoConfiguration, org.springframework.boot.autoconfigure.orm.jpa.HibernateJpaAutoConfiguration, org.springframework.boot.autoconfigure.transaction.TransactionAutoConfiguration, org.springframework.boot.test.autoconfigure.jdbc.TestDatabaseAutoConfiguration, org.springframework.boot.test.autoconfigure.orm.jpa.TestEntityManagerAutoConfiguration]], org.springframework.boot.test.context.filter.ExcludeFilterContextCustomizer@30e22bfe, org.springframework.boot.test.json.DuplicateJsonObjectContextCustomizerFactory$DuplicateJsonObjectContextCustomizer@750b3aa1, org.springframework.boot.test.mock.mockito.MockitoContextCustomizer@0, org.springframework.boot.test.context.SpringBootTestArgs@1], contextLoader = 'org.springframework.boot.test.context.SpringBootContextLoader', parent = [null]], attributes = map[[empty]]]; transaction manager [org.springframework.orm.jpa.JpaTransactionManager@2d970f00]; rollback [true]
2021-11-28 18:25:59.040 DEBUG [payment-service,,,] 14540 --- [    Test worker] c.DefaultCacheAwareContextLoaderDelegate : Retrieved ApplicationContext [103095058] from cache with key [[MergedContextConfiguration@6d91c6d9 testClass = TransactionRepositoryTest, locations = '{}', classes = '{class com.klasevich.itrex.lab.PaymentApplication}', contextInitializerClasses = '[]', activeProfiles = '{test}', propertySourceLocations = '{}', propertySourceProperties = '{org.springframework.boot.test.autoconfigure.orm.jpa.DataJpaTestContextBootstrapper=true}', contextCustomizers = set[org.springframework.boot.test.autoconfigure.OverrideAutoConfigurationContextCustomizerFactory$DisableAutoConfigurationContextCustomizer@4a40c341, org.springframework.boot.test.autoconfigure.filter.TypeExcludeFiltersContextCustomizer@351584c0, org.springframework.boot.test.autoconfigure.properties.PropertyMappingContextCustomizer@50a49b08, org.springframework.boot.test.autoconfigure.web.servlet.WebDriverContextCustomizerFactory$Customizer@7b843107, [ImportsContextCustomizer@7b9885dd key = [org.springframework.boot.autoconfigure.cache.CacheAutoConfiguration, org.springframework.boot.autoconfigure.data.jpa.JpaRepositoriesAutoConfiguration, org.springframework.boot.autoconfigure.flyway.FlywayAutoConfiguration, org.springframework.boot.autoconfigure.jdbc.DataSourceAutoConfiguration, org.springframework.boot.autoconfigure.jdbc.DataSourceTransactionManagerAutoConfiguration, org.springframework.boot.autoconfigure.jdbc.JdbcTemplateAutoConfiguration, org.springframework.boot.autoconfigure.liquibase.LiquibaseAutoConfiguration, org.springframework.boot.autoconfigure.orm.jpa.HibernateJpaAutoConfiguration, org.springframework.boot.autoconfigure.transaction.TransactionAutoConfiguration, org.springframework.boot.test.autoconfigure.jdbc.TestDatabaseAutoConfiguration, org.springframework.boot.test.autoconfigure.orm.jpa.TestEntityManagerAutoConfiguration]], org.springframework.boot.test.context.filter.ExcludeFilterContextCustomizer@30e22bfe, org.springframework.boot.test.json.DuplicateJsonObjectContextCustomizerFactory$DuplicateJsonObjectContextCustomizer@750b3aa1, org.springframework.boot.test.mock.mockito.MockitoContextCustomizer@0, org.springframework.boot.test.context.SpringBootTestArgs@1], contextLoader = 'org.springframework.boot.test.context.SpringBootContextLoader', parent = [null]]]
2021-11-28 18:25:59.040 DEBUG [payment-service,,,] 14540 --- [    Test worker] org.springframework.test.context.cache   : Spring test ApplicationContext cache statistics: [DefaultContextCache@20c07474 size = 1, maxSize = 32, parentContextCount = 0, hitCount = 65, missCount = 1]
2021-11-28 18:25:59.043 DEBUG [payment-service,,,] 14540 --- [    Test worker] c.DefaultCacheAwareContextLoaderDelegate : Retrieved ApplicationContext [103095058] from cache with key [[MergedContextConfiguration@6d91c6d9 testClass = TransactionRepositoryTest, locations = '{}', classes = '{class com.klasevich.itrex.lab.PaymentApplication}', contextInitializerClasses = '[]', activeProfiles = '{test}', propertySourceLocations = '{}', propertySourceProperties = '{org.springframework.boot.test.autoconfigure.orm.jpa.DataJpaTestContextBootstrapper=true}', contextCustomizers = set[org.springframework.boot.test.autoconfigure.OverrideAutoConfigurationContextCustomizerFactory$DisableAutoConfigurationContextCustomizer@4a40c341, org.springframework.boot.test.autoconfigure.filter.TypeExcludeFiltersContextCustomizer@351584c0, org.springframework.boot.test.autoconfigure.properties.PropertyMappingContextCustomizer@50a49b08, org.springframework.boot.test.autoconfigure.web.servlet.WebDriverContextCustomizerFactory$Customizer@7b843107, [ImportsContextCustomizer@7b9885dd key = [org.springframework.boot.autoconfigure.cache.CacheAutoConfiguration, org.springframework.boot.autoconfigure.data.jpa.JpaRepositoriesAutoConfiguration, org.springframework.boot.autoconfigure.flyway.FlywayAutoConfiguration, org.springframework.boot.autoconfigure.jdbc.DataSourceAutoConfiguration, org.springframework.boot.autoconfigure.jdbc.DataSourceTransactionManagerAutoConfiguration, org.springframework.boot.autoconfigure.jdbc.JdbcTemplateAutoConfiguration, org.springframework.boot.autoconfigure.liquibase.LiquibaseAutoConfiguration, org.springframework.boot.autoconfigure.orm.jpa.HibernateJpaAutoConfiguration, org.springframework.boot.autoconfigure.transaction.TransactionAutoConfiguration, org.springframework.boot.test.autoconfigure.jdbc.TestDatabaseAutoConfiguration, org.springframework.boot.test.autoconfigure.orm.jpa.TestEntityManagerAutoConfiguration]], org.springframework.boot.test.context.filter.ExcludeFilterContextCustomizer@30e22bfe, org.springframework.boot.test.json.DuplicateJsonObjectContextCustomizerFactory$DuplicateJsonObjectContextCustomizer@750b3aa1, org.springframework.boot.test.mock.mockito.MockitoContextCustomizer@0, org.springframework.boot.test.context.SpringBootTestArgs@1], contextLoader = 'org.springframework.boot.test.context.SpringBootContextLoader', parent = [null]]]
2021-11-28 18:25:59.043 DEBUG [payment-service,,,] 14540 --- [    Test worker] org.springframework.test.context.cache   : Spring test ApplicationContext cache statistics: [DefaultContextCache@20c07474 size = 1, maxSize = 32, parentContextCount = 0, hitCount = 66, missCount = 1]
2021-11-28 18:25:59.046 DEBUG [payment-service,,,] 14540 --- [    Test worker] c.DefaultCacheAwareContextLoaderDelegate : Retrieved ApplicationContext [103095058] from cache with key [[MergedContextConfiguration@6d91c6d9 testClass = TransactionRepositoryTest, locations = '{}', classes = '{class com.klasevich.itrex.lab.PaymentApplication}', contextInitializerClasses = '[]', activeProfiles = '{test}', propertySourceLocations = '{}', propertySourceProperties = '{org.springframework.boot.test.autoconfigure.orm.jpa.DataJpaTestContextBootstrapper=true}', contextCustomizers = set[org.springframework.boot.test.autoconfigure.OverrideAutoConfigurationContextCustomizerFactory$DisableAutoConfigurationContextCustomizer@4a40c341, org.springframework.boot.test.autoconfigure.filter.TypeExcludeFiltersContextCustomizer@351584c0, org.springframework.boot.test.autoconfigure.properties.PropertyMappingContextCustomizer@50a49b08, org.springframework.boot.test.autoconfigure.web.servlet.WebDriverContextCustomizerFactory$Customizer@7b843107, [ImportsContextCustomizer@7b9885dd key = [org.springframework.boot.autoconfigure.cache.CacheAutoConfiguration, org.springframework.boot.autoconfigure.data.jpa.JpaRepositoriesAutoConfiguration, org.springframework.boot.autoconfigure.flyway.FlywayAutoConfiguration, org.springframework.boot.autoconfigure.jdbc.DataSourceAutoConfiguration, org.springframework.boot.autoconfigure.jdbc.DataSourceTransactionManagerAutoConfiguration, org.springframework.boot.autoconfigure.jdbc.JdbcTemplateAutoConfiguration, org.springframework.boot.autoconfigure.liquibase.LiquibaseAutoConfiguration, org.springframework.boot.autoconfigure.orm.jpa.HibernateJpaAutoConfiguration, org.springframework.boot.autoconfigure.transaction.TransactionAutoConfiguration, org.springframework.boot.test.autoconfigure.jdbc.TestDatabaseAutoConfiguration, org.springframework.boot.test.autoconfigure.orm.jpa.TestEntityManagerAutoConfiguration]], org.springframework.boot.test.context.filter.ExcludeFilterContextCustomizer@30e22bfe, org.springframework.boot.test.json.DuplicateJsonObjectContextCustomizerFactory$DuplicateJsonObjectContextCustomizer@750b3aa1, org.springframework.boot.test.mock.mockito.MockitoContextCustomizer@0, org.springframework.boot.test.context.SpringBootTestArgs@1], contextLoader = 'org.springframework.boot.test.context.SpringBootContextLoader', parent = [null]]]
2021-11-28 18:25:59.046 DEBUG [payment-service,,,] 14540 --- [    Test worker] org.springframework.test.context.cache   : Spring test ApplicationContext cache statistics: [DefaultContextCache@20c07474 size = 1, maxSize = 32, parentContextCount = 0, hitCount = 67, missCount = 1]
Hibernate: 
    select
        transactio0_.id as id1_1_,
        transactio0_.create_at as create_a2_1_,
        transactio0_.updated_at as updated_3_1_,
        transactio0_.amount as amount4_1_,
        transactio0_.bank_code as bank_cod5_1_,
        transactio0_.cardId as cardid12_1_,
        transactio0_.email as email6_1_,
        transactio0_.purpose_of_payment as purpose_7_1_,
        transactio0_.recipient_card_id as recipien8_1_,
        transactio0_.transaction_type as transact9_1_,
        transactio0_.unp as unp10_1_,
        transactio0_.user_id as user_id11_1_ 
    from
        transactions transactio0_
2021-11-28 18:25:59.193 TRACE [payment-service,,,] 14540 --- [    Test worker] o.h.type.descriptor.sql.BasicExtractor   : extracted value ([id1_1_] : [BIGINT]) - [1]
2021-11-28 18:25:59.193 TRACE [payment-service,,,] 14540 --- [    Test worker] o.h.type.descriptor.sql.BasicExtractor   : extracted value ([create_a2_1_] : [TIMESTAMP]) - [null]
2021-11-28 18:25:59.193 TRACE [payment-service,,,] 14540 --- [    Test worker] o.h.type.descriptor.sql.BasicExtractor   : extracted value ([updated_3_1_] : [TIMESTAMP]) - [null]
2021-11-28 18:25:59.193 TRACE [payment-service,,,] 14540 --- [    Test worker] o.h.type.descriptor.sql.BasicExtractor   : extracted value ([amount4_1_] : [NUMERIC]) - [400]
2021-11-28 18:25:59.194 TRACE [payment-service,,,] 14540 --- [    Test worker] o.h.type.descriptor.sql.BasicExtractor   : extracted value ([bank_cod5_1_] : [VARCHAR]) - [null]
2021-11-28 18:25:59.194 TRACE [payment-service,,,] 14540 --- [    Test worker] o.h.type.descriptor.sql.BasicExtractor   : extracted value ([cardid12_1_] : [BIGINT]) - [null]
2021-11-28 18:25:59.194 TRACE [payment-service,,,] 14540 --- [    Test worker] o.h.type.descriptor.sql.BasicExtractor   : extracted value ([email6_1_] : [VARCHAR]) - [klasevich.t@gmail.com]
2021-11-28 18:25:59.194 TRACE [payment-service,,,] 14540 --- [    Test worker] o.h.type.descriptor.sql.BasicExtractor   : extracted value ([purpose_7_1_] : [VARCHAR]) - [null]
2021-11-28 18:25:59.194 TRACE [payment-service,,,] 14540 --- [    Test worker] o.h.type.descriptor.sql.BasicExtractor   : extracted value ([recipien8_1_] : [BIGINT]) - [null]
2021-11-28 18:25:59.195 TRACE [payment-service,,,] 14540 --- [    Test worker] o.h.type.descriptor.sql.BasicExtractor   : extracted value ([transact9_1_] : [VARCHAR]) - [DEPOSIT]
2021-11-28 18:25:59.195 TRACE [payment-service,,,] 14540 --- [    Test worker] o.h.type.descriptor.sql.BasicExtractor   : extracted value ([unp10_1_] : [BIGINT]) - [null]
2021-11-28 18:25:59.195 TRACE [payment-service,,,] 14540 --- [    Test worker] o.h.type.descriptor.sql.BasicExtractor   : extracted value ([user_id11_1_] : [BIGINT]) - [null]
2021-11-28 18:25:59.195 TRACE [payment-service,,,] 14540 --- [    Test worker] o.h.type.descriptor.sql.BasicExtractor   : extracted value ([id1_1_] : [BIGINT]) - [2]
2021-11-28 18:25:59.196 TRACE [payment-service,,,] 14540 --- [    Test worker] o.h.type.descriptor.sql.BasicExtractor   : extracted value ([create_a2_1_] : [TIMESTAMP]) - [null]
2021-11-28 18:25:59.196 TRACE [payment-service,,,] 14540 --- [    Test worker] o.h.type.descriptor.sql.BasicExtractor   : extracted value ([updated_3_1_] : [TIMESTAMP]) - [null]
2021-11-28 18:25:59.196 TRACE [payment-service,,,] 14540 --- [    Test worker] o.h.type.descriptor.sql.BasicExtractor   : extracted value ([amount4_1_] : [NUMERIC]) - [800]
2021-11-28 18:25:59.196 TRACE [payment-service,,,] 14540 --- [    Test worker] o.h.type.descriptor.sql.BasicExtractor   : extracted value ([bank_cod5_1_] : [VARCHAR]) - [null]
2021-11-28 18:25:59.196 TRACE [payment-service,,,] 14540 --- [    Test worker] o.h.type.descriptor.sql.BasicExtractor   : extracted value ([cardid12_1_] : [BIGINT]) - [null]
2021-11-28 18:25:59.196 TRACE [payment-service,,,] 14540 --- [    Test worker] o.h.type.descriptor.sql.BasicExtractor   : extracted value ([email6_1_] : [VARCHAR]) - [klasevich.t@gmail.com]
2021-11-28 18:25:59.196 TRACE [payment-service,,,] 14540 --- [    Test worker] o.h.type.descriptor.sql.BasicExtractor   : extracted value ([purpose_7_1_] : [VARCHAR]) - [null]
2021-11-28 18:25:59.197 TRACE [payment-service,,,] 14540 --- [    Test worker] o.h.type.descriptor.sql.BasicExtractor   : extracted value ([recipien8_1_] : [BIGINT]) - [null]
2021-11-28 18:25:59.197 TRACE [payment-service,,,] 14540 --- [    Test worker] o.h.type.descriptor.sql.BasicExtractor   : extracted value ([transact9_1_] : [VARCHAR]) - [DEPOSIT]
2021-11-28 18:25:59.197 TRACE [payment-service,,,] 14540 --- [    Test worker] o.h.type.descriptor.sql.BasicExtractor   : extracted value ([unp10_1_] : [BIGINT]) - [null]
2021-11-28 18:25:59.197 TRACE [payment-service,,,] 14540 --- [    Test worker] o.h.type.descriptor.sql.BasicExtractor   : extracted value ([user_id11_1_] : [BIGINT]) - [null]
2021-11-28 18:25:59.197 TRACE [payment-service,,,] 14540 --- [    Test worker] o.h.type.descriptor.sql.BasicExtractor   : extracted value ([id1_1_] : [BIGINT]) - [3]
2021-11-28 18:25:59.197 TRACE [payment-service,,,] 14540 --- [    Test worker] o.h.type.descriptor.sql.BasicExtractor   : extracted value ([create_a2_1_] : [TIMESTAMP]) - [null]
2021-11-28 18:25:59.198 TRACE [payment-service,,,] 14540 --- [    Test worker] o.h.type.descriptor.sql.BasicExtractor   : extracted value ([updated_3_1_] : [TIMESTAMP]) - [null]
2021-11-28 18:25:59.198 TRACE [payment-service,,,] 14540 --- [    Test worker] o.h.type.descriptor.sql.BasicExtractor   : extracted value ([amount4_1_] : [NUMERIC]) - [1000]
2021-11-28 18:25:59.198 TRACE [payment-service,,,] 14540 --- [    Test worker] o.h.type.descriptor.sql.BasicExtractor   : extracted value ([bank_cod5_1_] : [VARCHAR]) - [null]
2021-11-28 18:25:59.198 TRACE [payment-service,,,] 14540 --- [    Test worker] o.h.type.descriptor.sql.BasicExtractor   : extracted value ([cardid12_1_] : [BIGINT]) - [null]
2021-11-28 18:25:59.198 TRACE [payment-service,,,] 14540 --- [    Test worker] o.h.type.descriptor.sql.BasicExtractor   : extracted value ([email6_1_] : [VARCHAR]) - [klasevich.t@gmail.com]
2021-11-28 18:25:59.198 TRACE [payment-service,,,] 14540 --- [    Test worker] o.h.type.descriptor.sql.BasicExtractor   : extracted value ([purpose_7_1_] : [VARCHAR]) - [null]
2021-11-28 18:25:59.198 TRACE [payment-service,,,] 14540 --- [    Test worker] o.h.type.descriptor.sql.BasicExtractor   : extracted value ([recipien8_1_] : [BIGINT]) - [null]
2021-11-28 18:25:59.198 TRACE [payment-service,,,] 14540 --- [    Test worker] o.h.type.descriptor.sql.BasicExtractor   : extracted value ([transact9_1_] : [VARCHAR]) - [DEPOSIT]
2021-11-28 18:25:59.198 TRACE [payment-service,,,] 14540 --- [    Test worker] o.h.type.descriptor.sql.BasicExtractor   : extracted value ([unp10_1_] : [BIGINT]) - [null]
2021-11-28 18:25:59.199 TRACE [payment-service,,,] 14540 --- [    Test worker] o.h.type.descriptor.sql.BasicExtractor   : extracted value ([user_id11_1_] : [BIGINT]) - [null]
2021-11-28 18:25:59.199 TRACE [payment-service,,,] 14540 --- [    Test worker] o.h.type.descriptor.sql.BasicExtractor   : extracted value ([id1_1_] : [BIGINT]) - [4]
2021-11-28 18:25:59.199 TRACE [payment-service,,,] 14540 --- [    Test worker] o.h.type.descriptor.sql.BasicExtractor   : extracted value ([create_a2_1_] : [TIMESTAMP]) - [null]
2021-11-28 18:25:59.200 TRACE [payment-service,,,] 14540 --- [    Test worker] o.h.type.descriptor.sql.BasicExtractor   : extracted value ([updated_3_1_] : [TIMESTAMP]) - [null]
2021-11-28 18:25:59.200 TRACE [payment-service,,,] 14540 --- [    Test worker] o.h.type.descriptor.sql.BasicExtractor   : extracted value ([amount4_1_] : [NUMERIC]) - [700]
2021-11-28 18:25:59.200 TRACE [payment-service,,,] 14540 --- [    Test worker] o.h.type.descriptor.sql.BasicExtractor   : extracted value ([bank_cod5_1_] : [VARCHAR]) - [null]
2021-11-28 18:25:59.200 TRACE [payment-service,,,] 14540 --- [    Test worker] o.h.type.descriptor.sql.BasicExtractor   : extracted value ([cardid12_1_] : [BIGINT]) - [null]
2021-11-28 18:25:59.200 TRACE [payment-service,,,] 14540 --- [    Test worker] o.h.type.descriptor.sql.BasicExtractor   : extracted value ([email6_1_] : [VARCHAR]) - [klasevich.t@gmail.com]
2021-11-28 18:25:59.200 TRACE [payment-service,,,] 14540 --- [    Test worker] o.h.type.descriptor.sql.BasicExtractor   : extracted value ([purpose_7_1_] : [VARCHAR]) - [null]
2021-11-28 18:25:59.200 TRACE [payment-service,,,] 14540 --- [    Test worker] o.h.type.descriptor.sql.BasicExtractor   : extracted value ([recipien8_1_] : [BIGINT]) - [null]
2021-11-28 18:25:59.213 TRACE [payment-service,,,] 14540 --- [    Test worker] o.h.type.descriptor.sql.BasicExtractor   : extracted value ([transact9_1_] : [VARCHAR]) - [DEPOSIT]
2021-11-28 18:25:59.213 TRACE [payment-service,,,] 14540 --- [    Test worker] o.h.type.descriptor.sql.BasicExtractor   : extracted value ([unp10_1_] : [BIGINT]) - [null]
2021-11-28 18:25:59.214 TRACE [payment-service,,,] 14540 --- [    Test worker] o.h.type.descriptor.sql.BasicExtractor   : extracted value ([user_id11_1_] : [BIGINT]) - [null]
2021-11-28 18:25:59.215 TRACE [payment-service,,,] 14540 --- [    Test worker] o.h.type.descriptor.sql.BasicExtractor   : extracted value ([id1_1_] : [BIGINT]) - [5]
2021-11-28 18:25:59.219 TRACE [payment-service,,,] 14540 --- [    Test worker] o.h.type.descriptor.sql.BasicExtractor   : extracted value ([create_a2_1_] : [TIMESTAMP]) - [null]
2021-11-28 18:25:59.220 TRACE [payment-service,,,] 14540 --- [    Test worker] o.h.type.descriptor.sql.BasicExtractor   : extracted value ([updated_3_1_] : [TIMESTAMP]) - [null]
2021-11-28 18:25:59.221 TRACE [payment-service,,,] 14540 --- [    Test worker] o.h.type.descriptor.sql.BasicExtractor   : extracted value ([amount4_1_] : [NUMERIC]) - [600]
2021-11-28 18:25:59.221 TRACE [payment-service,,,] 14540 --- [    Test worker] o.h.type.descriptor.sql.BasicExtractor   : extracted value ([bank_cod5_1_] : [VARCHAR]) - [null]
2021-11-28 18:25:59.221 TRACE [payment-service,,,] 14540 --- [    Test worker] o.h.type.descriptor.sql.BasicExtractor   : extracted value ([cardid12_1_] : [BIGINT]) - [null]
2021-11-28 18:25:59.222 TRACE [payment-service,,,] 14540 --- [    Test worker] o.h.type.descriptor.sql.BasicExtractor   : extracted value ([email6_1_] : [VARCHAR]) - [klasevich.t@gmail.com]
2021-11-28 18:25:59.222 TRACE [payment-service,,,] 14540 --- [    Test worker] o.h.type.descriptor.sql.BasicExtractor   : extracted value ([purpose_7_1_] : [VARCHAR]) - [null]
2021-11-28 18:25:59.223 TRACE [payment-service,,,] 14540 --- [    Test worker] o.h.type.descriptor.sql.BasicExtractor   : extracted value ([recipien8_1_] : [BIGINT]) - [null]
2021-11-28 18:25:59.223 TRACE [payment-service,,,] 14540 --- [    Test worker] o.h.type.descriptor.sql.BasicExtractor   : extracted value ([transact9_1_] : [VARCHAR]) - [DEPOSIT]
2021-11-28 18:25:59.223 TRACE [payment-service,,,] 14540 --- [    Test worker] o.h.type.descriptor.sql.BasicExtractor   : extracted value ([unp10_1_] : [BIGINT]) - [null]
2021-11-28 18:25:59.224 TRACE [payment-service,,,] 14540 --- [    Test worker] o.h.type.descriptor.sql.BasicExtractor   : extracted value ([user_id11_1_] : [BIGINT]) - [null]
Hibernate: 
    insert 
    into
        cards
        (id, create_at, updated_at, balance, card_number, card_status, expiration_date, is_default, user_id) 
    values
        (null, ?, ?, ?, ?, ?, ?, ?, ?)
2021-11-28 18:25:59.253 TRACE [payment-service,,,] 14540 --- [    Test worker] o.h.type.descriptor.sql.BasicBinder      : binding parameter [1] as [TIMESTAMP] - [2021-11-28T15:25:59.252639300Z]
2021-11-28 18:25:59.253 TRACE [payment-service,,,] 14540 --- [    Test worker] o.h.type.descriptor.sql.BasicBinder      : binding parameter [2] as [TIMESTAMP] - [2021-11-28T15:25:59.252639300Z]
2021-11-28 18:25:59.253 TRACE [payment-service,,,] 14540 --- [    Test worker] o.h.type.descriptor.sql.BasicBinder      : binding parameter [3] as [NUMERIC] - [200]
2021-11-28 18:25:59.254 TRACE [payment-service,,,] 14540 --- [    Test worker] o.h.type.descriptor.sql.BasicBinder      : binding parameter [4] as [VARCHAR] - [2380993469345345]
2021-11-28 18:25:59.254 TRACE [payment-service,,,] 14540 --- [    Test worker] o.h.type.descriptor.sql.BasicBinder      : binding parameter [5] as [VARCHAR] - [ENABLED]
2021-11-28 18:25:59.254 TRACE [payment-service,,,] 14540 --- [    Test worker] o.h.type.descriptor.sql.BasicBinder      : binding parameter [6] as [DATE] - [2025-10-01]
2021-11-28 18:25:59.254 TRACE [payment-service,,,] 14540 --- [    Test worker] o.h.type.descriptor.sql.BasicBinder      : binding parameter [7] as [BOOLEAN] - [true]
2021-11-28 18:25:59.255 TRACE [payment-service,,,] 14540 --- [    Test worker] o.h.type.descriptor.sql.BasicBinder      : binding parameter [8] as [BIGINT] - [1]
Hibernate: 
    insert 
    into
        transactions
        (id, create_at, updated_at, amount, bank_code, cardId, email, purpose_of_payment, recipient_card_id, transaction_type, unp, user_id) 
    values
        (null, ?, ?, ?, ?, ?, ?, ?, ?, ?, ?, ?)
2021-11-28 18:25:59.257 TRACE [payment-service,,,] 14540 --- [    Test worker] o.h.type.descriptor.sql.BasicBinder      : binding parameter [1] as [TIMESTAMP] - [2021-11-28T15:25:59.239636600Z]
2021-11-28 18:25:59.257 TRACE [payment-service,,,] 14540 --- [    Test worker] o.h.type.descriptor.sql.BasicBinder      : binding parameter [2] as [TIMESTAMP] - [2021-11-28T15:25:59.239636600Z]
2021-11-28 18:25:59.257 TRACE [payment-service,,,] 14540 --- [    Test worker] o.h.type.descriptor.sql.BasicBinder      : binding parameter [3] as [NUMERIC] - [50]
2021-11-28 18:25:59.258 TRACE [payment-service,,,] 14540 --- [    Test worker] o.h.type.descriptor.sql.BasicBinder      : binding parameter [4] as [VARCHAR] - [null]
2021-11-28 18:25:59.258 TRACE [payment-service,,,] 14540 --- [    Test worker] o.h.type.descriptor.sql.BasicBinder      : binding parameter [5] as [BIGINT] - [12]
2021-11-28 18:25:59.258 TRACE [payment-service,,,] 14540 --- [    Test worker] o.h.type.descriptor.sql.BasicBinder      : binding parameter [6] as [VARCHAR] - [null]
2021-11-28 18:25:59.258 TRACE [payment-service,,,] 14540 --- [    Test worker] o.h.type.descriptor.sql.BasicBinder      : binding parameter [7] as [VARCHAR] - [null]
2021-11-28 18:25:59.258 TRACE [payment-service,,,] 14540 --- [    Test worker] o.h.type.descriptor.sql.BasicBinder      : binding parameter [8] as [BIGINT] - [null]
2021-11-28 18:25:59.258 TRACE [payment-service,,,] 14540 --- [    Test worker] o.h.type.descriptor.sql.BasicBinder      : binding parameter [9] as [VARCHAR] - [DEPOSIT]
2021-11-28 18:25:59.265 TRACE [payment-service,,,] 14540 --- [    Test worker] o.h.type.descriptor.sql.BasicBinder      : binding parameter [10] as [BIGINT] - [null]
2021-11-28 18:25:59.266 TRACE [payment-service,,,] 14540 --- [    Test worker] o.h.type.descriptor.sql.BasicBinder      : binding parameter [11] as [BIGINT] - [null]
Hibernate: 
    select
        transactio0_.id as id1_1_,
        transactio0_.create_at as create_a2_1_,
        transactio0_.updated_at as updated_3_1_,
        transactio0_.amount as amount4_1_,
        transactio0_.bank_code as bank_cod5_1_,
        transactio0_.cardId as cardid12_1_,
        transactio0_.email as email6_1_,
        transactio0_.purpose_of_payment as purpose_7_1_,
        transactio0_.recipient_card_id as recipien8_1_,
        transactio0_.transaction_type as transact9_1_,
        transactio0_.unp as unp10_1_,
        transactio0_.user_id as user_id11_1_ 
    from
        transactions transactio0_
2021-11-28 18:25:59.271 TRACE [payment-service,,,] 14540 --- [    Test worker] o.h.type.descriptor.sql.BasicExtractor   : extracted value ([id1_1_] : [BIGINT]) - [1]
2021-11-28 18:25:59.271 TRACE [payment-service,,,] 14540 --- [    Test worker] o.h.type.descriptor.sql.BasicExtractor   : extracted value ([id1_1_] : [BIGINT]) - [2]
2021-11-28 18:25:59.272 TRACE [payment-service,,,] 14540 --- [    Test worker] o.h.type.descriptor.sql.BasicExtractor   : extracted value ([id1_1_] : [BIGINT]) - [3]
2021-11-28 18:25:59.273 TRACE [payment-service,,,] 14540 --- [    Test worker] o.h.type.descriptor.sql.BasicExtractor   : extracted value ([id1_1_] : [BIGINT]) - [4]
2021-11-28 18:25:59.274 TRACE [payment-service,,,] 14540 --- [    Test worker] o.h.type.descriptor.sql.BasicExtractor   : extracted value ([id1_1_] : [BIGINT]) - [5]
2021-11-28 18:25:59.274 TRACE [payment-service,,,] 14540 --- [    Test worker] o.h.type.descriptor.sql.BasicExtractor   : extracted value ([id1_1_] : [BIGINT]) - [6]
2021-11-28 18:25:59.279 DEBUG [payment-service,,,] 14540 --- [    Test worker] c.DefaultCacheAwareContextLoaderDelegate : Retrieved ApplicationContext [103095058] from cache with key [[MergedContextConfiguration@6d91c6d9 testClass = TransactionRepositoryTest, locations = '{}', classes = '{class com.klasevich.itrex.lab.PaymentApplication}', contextInitializerClasses = '[]', activeProfiles = '{test}', propertySourceLocations = '{}', propertySourceProperties = '{org.springframework.boot.test.autoconfigure.orm.jpa.DataJpaTestContextBootstrapper=true}', contextCustomizers = set[org.springframework.boot.test.autoconfigure.OverrideAutoConfigurationContextCustomizerFactory$DisableAutoConfigurationContextCustomizer@4a40c341, org.springframework.boot.test.autoconfigure.filter.TypeExcludeFiltersContextCustomizer@351584c0, org.springframework.boot.test.autoconfigure.properties.PropertyMappingContextCustomizer@50a49b08, org.springframework.boot.test.autoconfigure.web.servlet.WebDriverContextCustomizerFactory$Customizer@7b843107, [ImportsContextCustomizer@7b9885dd key = [org.springframework.boot.autoconfigure.cache.CacheAutoConfiguration, org.springframework.boot.autoconfigure.data.jpa.JpaRepositoriesAutoConfiguration, org.springframework.boot.autoconfigure.flyway.FlywayAutoConfiguration, org.springframework.boot.autoconfigure.jdbc.DataSourceAutoConfiguration, org.springframework.boot.autoconfigure.jdbc.DataSourceTransactionManagerAutoConfiguration, org.springframework.boot.autoconfigure.jdbc.JdbcTemplateAutoConfiguration, org.springframework.boot.autoconfigure.liquibase.LiquibaseAutoConfiguration, org.springframework.boot.autoconfigure.orm.jpa.HibernateJpaAutoConfiguration, org.springframework.boot.autoconfigure.transaction.TransactionAutoConfiguration, org.springframework.boot.test.autoconfigure.jdbc.TestDatabaseAutoConfiguration, org.springframework.boot.test.autoconfigure.orm.jpa.TestEntityManagerAutoConfiguration]], org.springframework.boot.test.context.filter.ExcludeFilterContextCustomizer@30e22bfe, org.springframework.boot.test.json.DuplicateJsonObjectContextCustomizerFactory$DuplicateJsonObjectContextCustomizer@750b3aa1, org.springframework.boot.test.mock.mockito.MockitoContextCustomizer@0, org.springframework.boot.test.context.SpringBootTestArgs@1], contextLoader = 'org.springframework.boot.test.context.SpringBootContextLoader', parent = [null]]]
2021-11-28 18:25:59.280 DEBUG [payment-service,,,] 14540 --- [    Test worker] org.springframework.test.context.cache   : Spring test ApplicationContext cache statistics: [DefaultContextCache@20c07474 size = 1, maxSize = 32, parentContextCount = 0, hitCount = 68, missCount = 1]
2021-11-28 18:25:59.281 DEBUG [payment-service,,,] 14540 --- [    Test worker] c.DefaultCacheAwareContextLoaderDelegate : Retrieved ApplicationContext [103095058] from cache with key [[MergedContextConfiguration@6d91c6d9 testClass = TransactionRepositoryTest, locations = '{}', classes = '{class com.klasevich.itrex.lab.PaymentApplication}', contextInitializerClasses = '[]', activeProfiles = '{test}', propertySourceLocations = '{}', propertySourceProperties = '{org.springframework.boot.test.autoconfigure.orm.jpa.DataJpaTestContextBootstrapper=true}', contextCustomizers = set[org.springframework.boot.test.autoconfigure.OverrideAutoConfigurationContextCustomizerFactory$DisableAutoConfigurationContextCustomizer@4a40c341, org.springframework.boot.test.autoconfigure.filter.TypeExcludeFiltersContextCustomizer@351584c0, org.springframework.boot.test.autoconfigure.properties.PropertyMappingContextCustomizer@50a49b08, org.springframework.boot.test.autoconfigure.web.servlet.WebDriverContextCustomizerFactory$Customizer@7b843107, [ImportsContextCustomizer@7b9885dd key = [org.springframework.boot.autoconfigure.cache.CacheAutoConfiguration, org.springframework.boot.autoconfigure.data.jpa.JpaRepositoriesAutoConfiguration, org.springframework.boot.autoconfigure.flyway.FlywayAutoConfiguration, org.springframework.boot.autoconfigure.jdbc.DataSourceAutoConfiguration, org.springframework.boot.autoconfigure.jdbc.DataSourceTransactionManagerAutoConfiguration, org.springframework.boot.autoconfigure.jdbc.JdbcTemplateAutoConfiguration, org.springframework.boot.autoconfigure.liquibase.LiquibaseAutoConfiguration, org.springframework.boot.autoconfigure.orm.jpa.HibernateJpaAutoConfiguration, org.springframework.boot.autoconfigure.transaction.TransactionAutoConfiguration, org.springframework.boot.test.autoconfigure.jdbc.TestDatabaseAutoConfiguration, org.springframework.boot.test.autoconfigure.orm.jpa.TestEntityManagerAutoConfiguration]], org.springframework.boot.test.context.filter.ExcludeFilterContextCustomizer@30e22bfe, org.springframework.boot.test.json.DuplicateJsonObjectContextCustomizerFactory$DuplicateJsonObjectContextCustomizer@750b3aa1, org.springframework.boot.test.mock.mockito.MockitoContextCustomizer@0, org.springframework.boot.test.context.SpringBootTestArgs@1], contextLoader = 'org.springframework.boot.test.context.SpringBootContextLoader', parent = [null]]]
2021-11-28 18:25:59.282 DEBUG [payment-service,,,] 14540 --- [    Test worker] org.springframework.test.context.cache   : Spring test ApplicationContext cache statistics: [DefaultContextCache@20c07474 size = 1, maxSize = 32, parentContextCount = 0, hitCount = 69, missCount = 1]
2021-11-28 18:25:59.285 DEBUG [payment-service,,,] 14540 --- [    Test worker] c.DefaultCacheAwareContextLoaderDelegate : Retrieved ApplicationContext [103095058] from cache with key [[MergedContextConfiguration@6d91c6d9 testClass = TransactionRepositoryTest, locations = '{}', classes = '{class com.klasevich.itrex.lab.PaymentApplication}', contextInitializerClasses = '[]', activeProfiles = '{test}', propertySourceLocations = '{}', propertySourceProperties = '{org.springframework.boot.test.autoconfigure.orm.jpa.DataJpaTestContextBootstrapper=true}', contextCustomizers = set[org.springframework.boot.test.autoconfigure.OverrideAutoConfigurationContextCustomizerFactory$DisableAutoConfigurationContextCustomizer@4a40c341, org.springframework.boot.test.autoconfigure.filter.TypeExcludeFiltersContextCustomizer@351584c0, org.springframework.boot.test.autoconfigure.properties.PropertyMappingContextCustomizer@50a49b08, org.springframework.boot.test.autoconfigure.web.servlet.WebDriverContextCustomizerFactory$Customizer@7b843107, [ImportsContextCustomizer@7b9885dd key = [org.springframework.boot.autoconfigure.cache.CacheAutoConfiguration, org.springframework.boot.autoconfigure.data.jpa.JpaRepositoriesAutoConfiguration, org.springframework.boot.autoconfigure.flyway.FlywayAutoConfiguration, org.springframework.boot.autoconfigure.jdbc.DataSourceAutoConfiguration, org.springframework.boot.autoconfigure.jdbc.DataSourceTransactionManagerAutoConfiguration, org.springframework.boot.autoconfigure.jdbc.JdbcTemplateAutoConfiguration, org.springframework.boot.autoconfigure.liquibase.LiquibaseAutoConfiguration, org.springframework.boot.autoconfigure.orm.jpa.HibernateJpaAutoConfiguration, org.springframework.boot.autoconfigure.transaction.TransactionAutoConfiguration, org.springframework.boot.test.autoconfigure.jdbc.TestDatabaseAutoConfiguration, org.springframework.boot.test.autoconfigure.orm.jpa.TestEntityManagerAutoConfiguration]], org.springframework.boot.test.context.filter.ExcludeFilterContextCustomizer@30e22bfe, org.springframework.boot.test.json.DuplicateJsonObjectContextCustomizerFactory$DuplicateJsonObjectContextCustomizer@750b3aa1, org.springframework.boot.test.mock.mockito.MockitoContextCustomizer@0, org.springframework.boot.test.context.SpringBootTestArgs@1], contextLoader = 'org.springframework.boot.test.context.SpringBootContextLoader', parent = [null]]]
2021-11-28 18:25:59.286 DEBUG [payment-service,,,] 14540 --- [    Test worker] org.springframework.test.context.cache   : Spring test ApplicationContext cache statistics: [DefaultContextCache@20c07474 size = 1, maxSize = 32, parentContextCount = 0, hitCount = 70, missCount = 1]
2021-11-28 18:25:59.287 DEBUG [payment-service,,,] 14540 --- [    Test worker] c.DefaultCacheAwareContextLoaderDelegate : Retrieved ApplicationContext [103095058] from cache with key [[MergedContextConfiguration@6d91c6d9 testClass = TransactionRepositoryTest, locations = '{}', classes = '{class com.klasevich.itrex.lab.PaymentApplication}', contextInitializerClasses = '[]', activeProfiles = '{test}', propertySourceLocations = '{}', propertySourceProperties = '{org.springframework.boot.test.autoconfigure.orm.jpa.DataJpaTestContextBootstrapper=true}', contextCustomizers = set[org.springframework.boot.test.autoconfigure.OverrideAutoConfigurationContextCustomizerFactory$DisableAutoConfigurationContextCustomizer@4a40c341, org.springframework.boot.test.autoconfigure.filter.TypeExcludeFiltersContextCustomizer@351584c0, org.springframework.boot.test.autoconfigure.properties.PropertyMappingContextCustomizer@50a49b08, org.springframework.boot.test.autoconfigure.web.servlet.WebDriverContextCustomizerFactory$Customizer@7b843107, [ImportsContextCustomizer@7b9885dd key = [org.springframework.boot.autoconfigure.cache.CacheAutoConfiguration, org.springframework.boot.autoconfigure.data.jpa.JpaRepositoriesAutoConfiguration, org.springframework.boot.autoconfigure.flyway.FlywayAutoConfiguration, org.springframework.boot.autoconfigure.jdbc.DataSourceAutoConfiguration, org.springframework.boot.autoconfigure.jdbc.DataSourceTransactionManagerAutoConfiguration, org.springframework.boot.autoconfigure.jdbc.JdbcTemplateAutoConfiguration, org.springframework.boot.autoconfigure.liquibase.LiquibaseAutoConfiguration, org.springframework.boot.autoconfigure.orm.jpa.HibernateJpaAutoConfiguration, org.springframework.boot.autoconfigure.transaction.TransactionAutoConfiguration, org.springframework.boot.test.autoconfigure.jdbc.TestDatabaseAutoConfiguration, org.springframework.boot.test.autoconfigure.orm.jpa.TestEntityManagerAutoConfiguration]], org.springframework.boot.test.context.filter.ExcludeFilterContextCustomizer@30e22bfe, org.springframework.boot.test.json.DuplicateJsonObjectContextCustomizerFactory$DuplicateJsonObjectContextCustomizer@750b3aa1, org.springframework.boot.test.mock.mockito.MockitoContextCustomizer@0, org.springframework.boot.test.context.SpringBootTestArgs@1], contextLoader = 'org.springframework.boot.test.context.SpringBootContextLoader', parent = [null]]]
2021-11-28 18:25:59.289 DEBUG [payment-service,,,] 14540 --- [    Test worker] org.springframework.test.context.cache   : Spring test ApplicationContext cache statistics: [DefaultContextCache@20c07474 size = 1, maxSize = 32, parentContextCount = 0, hitCount = 71, missCount = 1]
2021-11-28 18:25:59.294 DEBUG [payment-service,,,] 14540 --- [    Test worker] c.DefaultCacheAwareContextLoaderDelegate : Retrieved ApplicationContext [103095058] from cache with key [[MergedContextConfiguration@6d91c6d9 testClass = TransactionRepositoryTest, locations = '{}', classes = '{class com.klasevich.itrex.lab.PaymentApplication}', contextInitializerClasses = '[]', activeProfiles = '{test}', propertySourceLocations = '{}', propertySourceProperties = '{org.springframework.boot.test.autoconfigure.orm.jpa.DataJpaTestContextBootstrapper=true}', contextCustomizers = set[org.springframework.boot.test.autoconfigure.OverrideAutoConfigurationContextCustomizerFactory$DisableAutoConfigurationContextCustomizer@4a40c341, org.springframework.boot.test.autoconfigure.filter.TypeExcludeFiltersContextCustomizer@351584c0, org.springframework.boot.test.autoconfigure.properties.PropertyMappingContextCustomizer@50a49b08, org.springframework.boot.test.autoconfigure.web.servlet.WebDriverContextCustomizerFactory$Customizer@7b843107, [ImportsContextCustomizer@7b9885dd key = [org.springframework.boot.autoconfigure.cache.CacheAutoConfiguration, org.springframework.boot.autoconfigure.data.jpa.JpaRepositoriesAutoConfiguration, org.springframework.boot.autoconfigure.flyway.FlywayAutoConfiguration, org.springframework.boot.autoconfigure.jdbc.DataSourceAutoConfiguration, org.springframework.boot.autoconfigure.jdbc.DataSourceTransactionManagerAutoConfiguration, org.springframework.boot.autoconfigure.jdbc.JdbcTemplateAutoConfiguration, org.springframework.boot.autoconfigure.liquibase.LiquibaseAutoConfiguration, org.springframework.boot.autoconfigure.orm.jpa.HibernateJpaAutoConfiguration, org.springframework.boot.autoconfigure.transaction.TransactionAutoConfiguration, org.springframework.boot.test.autoconfigure.jdbc.TestDatabaseAutoConfiguration, org.springframework.boot.test.autoconfigure.orm.jpa.TestEntityManagerAutoConfiguration]], org.springframework.boot.test.context.filter.ExcludeFilterContextCustomizer@30e22bfe, org.springframework.boot.test.json.DuplicateJsonObjectContextCustomizerFactory$DuplicateJsonObjectContextCustomizer@750b3aa1, org.springframework.boot.test.mock.mockito.MockitoContextCustomizer@0, org.springframework.boot.test.context.SpringBootTestArgs@1], contextLoader = 'org.springframework.boot.test.context.SpringBootContextLoader', parent = [null]]]
2021-11-28 18:25:59.294 DEBUG [payment-service,,,] 14540 --- [    Test worker] org.springframework.test.context.cache   : Spring test ApplicationContext cache statistics: [DefaultContextCache@20c07474 size = 1, maxSize = 32, parentContextCount = 0, hitCount = 72, missCount = 1]
2021-11-28 18:25:59.300 DEBUG [payment-service,,,] 14540 --- [    Test worker] c.DefaultCacheAwareContextLoaderDelegate : Retrieved ApplicationContext [103095058] from cache with key [[MergedContextConfiguration@6d91c6d9 testClass = TransactionRepositoryTest, locations = '{}', classes = '{class com.klasevich.itrex.lab.PaymentApplication}', contextInitializerClasses = '[]', activeProfiles = '{test}', propertySourceLocations = '{}', propertySourceProperties = '{org.springframework.boot.test.autoconfigure.orm.jpa.DataJpaTestContextBootstrapper=true}', contextCustomizers = set[org.springframework.boot.test.autoconfigure.OverrideAutoConfigurationContextCustomizerFactory$DisableAutoConfigurationContextCustomizer@4a40c341, org.springframework.boot.test.autoconfigure.filter.TypeExcludeFiltersContextCustomizer@351584c0, org.springframework.boot.test.autoconfigure.properties.PropertyMappingContextCustomizer@50a49b08, org.springframework.boot.test.autoconfigure.web.servlet.WebDriverContextCustomizerFactory$Customizer@7b843107, [ImportsContextCustomizer@7b9885dd key = [org.springframework.boot.autoconfigure.cache.CacheAutoConfiguration, org.springframework.boot.autoconfigure.data.jpa.JpaRepositoriesAutoConfiguration, org.springframework.boot.autoconfigure.flyway.FlywayAutoConfiguration, org.springframework.boot.autoconfigure.jdbc.DataSourceAutoConfiguration, org.springframework.boot.autoconfigure.jdbc.DataSourceTransactionManagerAutoConfiguration, org.springframework.boot.autoconfigure.jdbc.JdbcTemplateAutoConfiguration, org.springframework.boot.autoconfigure.liquibase.LiquibaseAutoConfiguration, org.springframework.boot.autoconfigure.orm.jpa.HibernateJpaAutoConfiguration, org.springframework.boot.autoconfigure.transaction.TransactionAutoConfiguration, org.springframework.boot.test.autoconfigure.jdbc.TestDatabaseAutoConfiguration, org.springframework.boot.test.autoconfigure.orm.jpa.TestEntityManagerAutoConfiguration]], org.springframework.boot.test.context.filter.ExcludeFilterContextCustomizer@30e22bfe, org.springframework.boot.test.json.DuplicateJsonObjectContextCustomizerFactory$DuplicateJsonObjectContextCustomizer@750b3aa1, org.springframework.boot.test.mock.mockito.MockitoContextCustomizer@0, org.springframework.boot.test.context.SpringBootTestArgs@1], contextLoader = 'org.springframework.boot.test.context.SpringBootContextLoader', parent = [null]]]
2021-11-28 18:25:59.300 DEBUG [payment-service,,,] 14540 --- [    Test worker] org.springframework.test.context.cache   : Spring test ApplicationContext cache statistics: [DefaultContextCache@20c07474 size = 1, maxSize = 32, parentContextCount = 0, hitCount = 73, missCount = 1]
2021-11-28 18:25:59.302  INFO [payment-service,,,] 14540 --- [    Test worker] o.s.t.c.transaction.TransactionContext   : Rolled back transaction for test: [DefaultTestContext@1f00092f testClass = TransactionRepositoryTest, testInstance = com.klasevich.itrex.lab.persistance.repository.TransactionRepositoryTest@2009c17f, testMethod = findAll_sizeShouldBeValid@TransactionRepositoryTest, testException = [null], mergedContextConfiguration = [MergedContextConfiguration@6d91c6d9 testClass = TransactionRepositoryTest, locations = '{}', classes = '{class com.klasevich.itrex.lab.PaymentApplication}', contextInitializerClasses = '[]', activeProfiles = '{test}', propertySourceLocations = '{}', propertySourceProperties = '{org.springframework.boot.test.autoconfigure.orm.jpa.DataJpaTestContextBootstrapper=true}', contextCustomizers = set[org.springframework.boot.test.autoconfigure.OverrideAutoConfigurationContextCustomizerFactory$DisableAutoConfigurationContextCustomizer@4a40c341, org.springframework.boot.test.autoconfigure.filter.TypeExcludeFiltersContextCustomizer@351584c0, org.springframework.boot.test.autoconfigure.properties.PropertyMappingContextCustomizer@50a49b08, org.springframework.boot.test.autoconfigure.web.servlet.WebDriverContextCustomizerFactory$Customizer@7b843107, [ImportsContextCustomizer@7b9885dd key = [org.springframework.boot.autoconfigure.cache.CacheAutoConfiguration, org.springframework.boot.autoconfigure.data.jpa.JpaRepositoriesAutoConfiguration, org.springframework.boot.autoconfigure.flyway.FlywayAutoConfiguration, org.springframework.boot.autoconfigure.jdbc.DataSourceAutoConfiguration, org.springframework.boot.autoconfigure.jdbc.DataSourceTransactionManagerAutoConfiguration, org.springframework.boot.autoconfigure.jdbc.JdbcTemplateAutoConfiguration, org.springframework.boot.autoconfigure.liquibase.LiquibaseAutoConfiguration, org.springframework.boot.autoconfigure.orm.jpa.HibernateJpaAutoConfiguration, org.springframework.boot.autoconfigure.transaction.TransactionAutoConfiguration, org.springframework.boot.test.autoconfigure.jdbc.TestDatabaseAutoConfiguration, org.springframework.boot.test.autoconfigure.orm.jpa.TestEntityManagerAutoConfiguration]], org.springframework.boot.test.context.filter.ExcludeFilterContextCustomizer@30e22bfe, org.springframework.boot.test.json.DuplicateJsonObjectContextCustomizerFactory$DuplicateJsonObjectContextCustomizer@750b3aa1, org.springframework.boot.test.mock.mockito.MockitoContextCustomizer@0, org.springframework.boot.test.context.SpringBootTestArgs@1], contextLoader = 'org.springframework.boot.test.context.SpringBootContextLoader', parent = [null]], attributes = map[[empty]]]
2021-11-28 18:25:59.303 DEBUG [payment-service,,,] 14540 --- [    Test worker] c.DefaultCacheAwareContextLoaderDelegate : Retrieved ApplicationContext [103095058] from cache with key [[MergedContextConfiguration@6d91c6d9 testClass = TransactionRepositoryTest, locations = '{}', classes = '{class com.klasevich.itrex.lab.PaymentApplication}', contextInitializerClasses = '[]', activeProfiles = '{test}', propertySourceLocations = '{}', propertySourceProperties = '{org.springframework.boot.test.autoconfigure.orm.jpa.DataJpaTestContextBootstrapper=true}', contextCustomizers = set[org.springframework.boot.test.autoconfigure.OverrideAutoConfigurationContextCustomizerFactory$DisableAutoConfigurationContextCustomizer@4a40c341, org.springframework.boot.test.autoconfigure.filter.TypeExcludeFiltersContextCustomizer@351584c0, org.springframework.boot.test.autoconfigure.properties.PropertyMappingContextCustomizer@50a49b08, org.springframework.boot.test.autoconfigure.web.servlet.WebDriverContextCustomizerFactory$Customizer@7b843107, [ImportsContextCustomizer@7b9885dd key = [org.springframework.boot.autoconfigure.cache.CacheAutoConfiguration, org.springframework.boot.autoconfigure.data.jpa.JpaRepositoriesAutoConfiguration, org.springframework.boot.autoconfigure.flyway.FlywayAutoConfiguration, org.springframework.boot.autoconfigure.jdbc.DataSourceAutoConfiguration, org.springframework.boot.autoconfigure.jdbc.DataSourceTransactionManagerAutoConfiguration, org.springframework.boot.autoconfigure.jdbc.JdbcTemplateAutoConfiguration, org.springframework.boot.autoconfigure.liquibase.LiquibaseAutoConfiguration, org.springframework.boot.autoconfigure.orm.jpa.HibernateJpaAutoConfiguration, org.springframework.boot.autoconfigure.transaction.TransactionAutoConfiguration, org.springframework.boot.test.autoconfigure.jdbc.TestDatabaseAutoConfiguration, org.springframework.boot.test.autoconfigure.orm.jpa.TestEntityManagerAutoConfiguration]], org.springframework.boot.test.context.filter.ExcludeFilterContextCustomizer@30e22bfe, org.springframework.boot.test.json.DuplicateJsonObjectContextCustomizerFactory$DuplicateJsonObjectContextCustomizer@750b3aa1, org.springframework.boot.test.mock.mockito.MockitoContextCustomizer@0, org.springframework.boot.test.context.SpringBootTestArgs@1], contextLoader = 'org.springframework.boot.test.context.SpringBootContextLoader', parent = [null]]]
2021-11-28 18:25:59.303 DEBUG [payment-service,,,] 14540 --- [    Test worker] org.springframework.test.context.cache   : Spring test ApplicationContext cache statistics: [DefaultContextCache@20c07474 size = 1, maxSize = 32, parentContextCount = 0, hitCount = 74, missCount = 1]
]]></system-out>
  <system-err><![CDATA[]]></system-err>
</testsuite>
